[    0.000000] Linux version 4.15.0-38-generic (buildd@lcy01-amd64-023) (gcc version 7.3.0 (Ubuntu 7.3.0-16ubuntu3)) #41-Ubuntu SMP Wed Oct 10 10:59:38 UTC 2018 (Ubuntu 4.15.0-38.41-generic 4.15.18)
[    0.000000] Command line: BOOT_IMAGE=/boot/vmlinuz-4.15.0-38-generic root=LABEL=cloudimg-rootfs ro console=tty1 console=ttyS0
[    0.000000] KERNEL supported cpus:
[    0.000000]   Intel GenuineIntel
[    0.000000]   AMD AuthenticAMD
[    0.000000]   Centaur CentaurHauls
[    0.000000] x86/fpu: Supporting XSAVE feature 0x001: 'x87 floating point registers'
[    0.000000] x86/fpu: Supporting XSAVE feature 0x002: 'SSE registers'
[    0.000000] x86/fpu: Supporting XSAVE feature 0x004: 'AVX registers'
[    0.000000] x86/fpu: xstate_offset[2]:  576, xstate_sizes[2]:  256
[    0.000000] x86/fpu: Enabled xstate features 0x7, context size is 832 bytes, using 'standard' format.
[    0.000000] e820: BIOS-provided physical RAM map:
[    0.000000] BIOS-e820: [mem 0x0000000000000000-0x000000000009fbff] usable
[    0.000000] BIOS-e820: [mem 0x000000000009fc00-0x000000000009ffff] reserved
[    0.000000] BIOS-e820: [mem 0x00000000000f0000-0x00000000000fffff] reserved
[    0.000000] BIOS-e820: [mem 0x0000000000100000-0x000000007ffeffff] usable
[    0.000000] BIOS-e820: [mem 0x000000007fff0000-0x000000007fffffff] ACPI data
[    0.000000] BIOS-e820: [mem 0x00000000fec00000-0x00000000fec00fff] reserved
[    0.000000] BIOS-e820: [mem 0x00000000fee00000-0x00000000fee00fff] reserved
[    0.000000] BIOS-e820: [mem 0x00000000fffc0000-0x00000000ffffffff] reserved
[    0.000000] NX (Execute Disable) protection: active
[    0.000000] SMBIOS 2.5 present.
[    0.000000] DMI: innotek GmbH VirtualBox/VirtualBox, BIOS VirtualBox 12/01/2006
[    0.000000] Hypervisor detected: KVM
[    0.000000] e820: last_pfn = 0x7fff0 max_arch_pfn = 0x400000000
[    0.000000] MTRR: Disabled
[    0.000000] x86/PAT: MTRRs disabled, skipping PAT initialization too.
[    0.000000] CPU MTRRs all blank - virtualized system.
[    0.000000] x86/PAT: Configuration [0-7]: WB  WT  UC- UC  WB  WT  UC- UC  
[    0.000000] found SMP MP-table at [mem 0x0009fff0-0x0009ffff] mapped at [        (ptrval)]
[    0.000000] Scanning 1 areas for low memory corruption
[    0.000000] RAMDISK: [mem 0x35ae3000-0x36d68fff]
[    0.000000] ACPI: Early table checksum verification disabled
[    0.000000] ACPI: RSDP 0x00000000000E0000 000024 (v02 VBOX  )
[    0.000000] ACPI: XSDT 0x000000007FFF0030 00003C (v01 VBOX   VBOXXSDT 00000001 ASL  00000061)
[    0.000000] ACPI: FACP 0x000000007FFF00F0 0000F4 (v04 VBOX   VBOXFACP 00000001 ASL  00000061)
[    0.000000] ACPI: DSDT 0x000000007FFF0470 0021FF (v02 VBOX   VBOXBIOS 00000002 INTL 20180105)
[    0.000000] ACPI: FACS 0x000000007FFF0200 000040
[    0.000000] ACPI: FACS 0x000000007FFF0200 000040
[    0.000000] ACPI: APIC 0x000000007FFF0240 00005C (v02 VBOX   VBOXAPIC 00000001 ASL  00000061)
[    0.000000] ACPI: SSDT 0x000000007FFF02A0 0001CC (v01 VBOX   VBOXCPUT 00000002 INTL 20180105)
[    0.000000] No NUMA configuration found
[    0.000000] Faking a node at [mem 0x0000000000000000-0x000000007ffeffff]
[    0.000000] NODE_DATA(0) allocated [mem 0x7ffc5000-0x7ffeffff]
[    0.000000] kvm-clock: cpu 0, msr 0:7ff44001, primary cpu clock
[    0.000000] kvm-clock: Using msrs 4b564d01 and 4b564d00
[    0.000000] kvm-clock: using sched offset of 19161869023 cycles
[    0.000000] clocksource: kvm-clock: mask: 0xffffffffffffffff max_cycles: 0x1cd42e4dffb, max_idle_ns: 881590591483 ns
[    0.000000] Zone ranges:
[    0.000000]   DMA      [mem 0x0000000000001000-0x0000000000ffffff]
[    0.000000]   DMA32    [mem 0x0000000001000000-0x000000007ffeffff]
[    0.000000]   Normal   empty
[    0.000000]   Device   empty
[    0.000000] Movable zone start for each node
[    0.000000] Early memory node ranges
[    0.000000]   node   0: [mem 0x0000000000001000-0x000000000009efff]
[    0.000000]   node   0: [mem 0x0000000000100000-0x000000007ffeffff]
[    0.000000] Initmem setup node 0 [mem 0x0000000000001000-0x000000007ffeffff]
[    0.000000] Reserved but unavailable: 98 pages
[    0.000000] ACPI: PM-Timer IO Port: 0x4008
[    0.000000] IOAPIC[0]: apic_id 2, version 32, address 0xfec00000, GSI 0-23
[    0.000000] ACPI: INT_SRC_OVR (bus 0 bus_irq 0 global_irq 2 dfl dfl)
[    0.000000] ACPI: INT_SRC_OVR (bus 0 bus_irq 9 global_irq 9 low level)
[    0.000000] Using ACPI (MADT) for SMP configuration information
[    0.000000] smpboot: Allowing 2 CPUs, 0 hotplug CPUs
[    0.000000] PM: Registered nosave memory: [mem 0x00000000-0x00000fff]
[    0.000000] PM: Registered nosave memory: [mem 0x0009f000-0x0009ffff]
[    0.000000] PM: Registered nosave memory: [mem 0x000a0000-0x000effff]
[    0.000000] PM: Registered nosave memory: [mem 0x000f0000-0x000fffff]
[    0.000000] e820: [mem 0x80000000-0xfebfffff] available for PCI devices
[    0.000000] Booting paravirtualized kernel on KVM
[    0.000000] clocksource: refined-jiffies: mask: 0xffffffff max_cycles: 0xffffffff, max_idle_ns: 7645519600211568 ns
[    0.000000] random: get_random_bytes called from start_kernel+0x99/0x4fd with crng_init=0
[    0.000000] setup_percpu: NR_CPUS:8192 nr_cpumask_bits:2 nr_cpu_ids:2 nr_node_ids:1
[    0.000000] percpu: Embedded 46 pages/cpu @        (ptrval) s151552 r8192 d28672 u1048576
[    0.000000] PV qspinlock hash table entries: 256 (order: 0, 4096 bytes)
[    0.000000] Built 1 zonelists, mobility grouping on.  Total pages: 515961
[    0.000000] Policy zone: DMA32
[    0.000000] Kernel command line: BOOT_IMAGE=/boot/vmlinuz-4.15.0-38-generic root=LABEL=cloudimg-rootfs ro console=tty1 console=ttyS0
[    0.000000] Memory: 2015808K/2096696K available (12300K kernel code, 2472K rwdata, 4248K rodata, 2408K init, 2416K bss, 80888K reserved, 0K cma-reserved)
[    0.000000] SLUB: HWalign=64, Order=0-3, MinObjects=0, CPUs=2, Nodes=1
[    0.000000] Kernel/User page tables isolation: enabled
[    0.000000] ftrace: allocating 39175 entries in 154 pages
[    0.004000] Hierarchical RCU implementation.
[    0.004000] 	RCU restricting CPUs from NR_CPUS=8192 to nr_cpu_ids=2.
[    0.004000] 	Tasks RCU enabled.
[    0.004000] RCU: Adjusting geometry for rcu_fanout_leaf=16, nr_cpu_ids=2
[    0.004000] NR_IRQS: 524544, nr_irqs: 440, preallocated irqs: 16
[    0.004000] Console: colour VGA+ 80x25
[    0.004000] console [tty1] enabled
[    0.004000] console [ttyS0] enabled
[    0.004000] ACPI: Core revision 20170831
[    0.004000] ACPI: 2 ACPI AML tables successfully acquired and loaded
[    0.004000] APIC: Switch to symmetric I/O mode setup
[    0.004000] x2apic enabled
[    0.004000] Switched APIC routing to physical x2apic.
[    0.021080] ..TIMER: vector=0x30 apic1=0 pin1=2 apic2=-1 pin2=-1
[    0.024002] tsc: Detected 2207.996 MHz processor
[    0.028009] Calibrating delay loop (skipped) preset value.. 4415.99 BogoMIPS (lpj=8831984)
[    0.032003] pid_max: default: 32768 minimum: 301
[    0.036031] Security Framework initialized
[    0.040003] Yama: becoming mindful.
[    0.044024] AppArmor: AppArmor initialized
[    0.048198] Dentry cache hash table entries: 262144 (order: 9, 2097152 bytes)
[    0.060106] Inode-cache hash table entries: 131072 (order: 8, 1048576 bytes)
[    0.064024] Mount-cache hash table entries: 4096 (order: 3, 32768 bytes)
[    0.068017] Mountpoint-cache hash table entries: 4096 (order: 3, 32768 bytes)
[    0.076641] mce: CPU supports 0 MCE banks
[    0.080138] Last level iTLB entries: 4KB 64, 2MB 8, 4MB 8
[    0.084002] Last level dTLB entries: 4KB 64, 2MB 0, 4MB 0, 1GB 4
[    0.088002] Spectre V2 : Mitigation: Full generic retpoline
[    0.092002] Spectre V2 : Spectre v2 / SpectreRSB mitigation: Filling RSB on context switch
[    0.096002] Speculative Store Bypass: Vulnerable
[    0.100071] Freeing SMP alternatives memory: 36K
[    0.108000] smpboot: CPU0: Intel(R) Core(TM) i7-8750H CPU @ 2.20GHz (family: 0x6, model: 0x9e, stepping: 0xa)
[    0.108104] Performance Events: unsupported p6 CPU model 158 no PMU driver, software events only.
[    0.112047] Hierarchical SRCU implementation.
[    0.116456] NMI watchdog: Perf event create on CPU 0 failed with -2
[    0.120002] NMI watchdog: Perf NMI watchdog permanently disabled
[    0.124083] smp: Bringing up secondary CPUs ...
[    0.128097] x86: Booting SMP configuration:
[    0.132003] .... node  #0, CPUs:      #1
[    0.004000] kvm-clock: cpu 1, msr 0:7ff44041, secondary cpu clock
[    0.004000] mce: CPU supports 0 MCE banks
[    0.156036] smp: Brought up 1 node, 2 CPUs
[    0.160004] smpboot: Max logical packages: 1
[    0.164003] smpboot: Total of 2 processors activated (8831.98 BogoMIPS)
[    0.168155] devtmpfs: initialized
[    0.172047] x86/mm: Memory block size: 128MB
[    0.176171] evm: security.selinux
[    0.180003] evm: security.SMACK64
[    0.184002] evm: security.SMACK64EXEC
[    0.188002] evm: security.SMACK64TRANSMUTE
[    0.192002] evm: security.SMACK64MMAP
[    0.196002] evm: security.apparmor
[    0.200002] evm: security.ima
[    0.204002] evm: security.capability
[    0.208121] clocksource: jiffies: mask: 0xffffffff max_cycles: 0xffffffff, max_idle_ns: 7645041785100000 ns
[    0.212006] futex hash table entries: 512 (order: 3, 32768 bytes)
[    0.216083] pinctrl core: initialized pinctrl subsystem
[    0.220447] RTC time: 16:49:23, date: 11/14/18
[    0.224426] NET: Registered protocol family 16
[    0.228059] audit: initializing netlink subsys (disabled)
[    0.232131] audit: type=2000 audit(1542214181.893:1): state=initialized audit_enabled=0 res=1
[    0.252008] cpuidle: using governor ladder
[    0.256006] cpuidle: using governor menu
[    0.260026] ACPI: bus type PCI registered
[    0.264003] acpiphp: ACPI Hot Plug PCI Controller Driver version: 0.5
[    0.272485] PCI: Using configuration type 1 for base access
[    0.284144] HugeTLB registered 2.00 MiB page size, pre-allocated 0 pages
[    0.292128] ACPI: Added _OSI(Module Device)
[    0.300003] ACPI: Added _OSI(Processor Device)
[    0.308002] ACPI: Added _OSI(3.0 _SCP Extensions)
[    0.320002] ACPI: Added _OSI(Processor Aggregator Device)
[    0.332003] ACPI: Added _OSI(Linux-Dell-Video)
[    0.344003] ACPI: Added _OSI(Linux-Lenovo-NV-HDMI-Audio)
[    0.369672] ACPI: Executed 1 blocks of module-level executable AML code
[    0.386949] ACPI: Interpreter enabled
[    0.392010] ACPI: (supports S0 S5)
[    0.400002] ACPI: Using IOAPIC for interrupt routing
[    0.412382] PCI: Using host bridge windows from ACPI; if necessary, use "pci=nocrs" and report a bug
[    0.432753] ACPI: Enabled 2 GPEs in block 00 to 07
[    0.464950] ACPI: PCI Root Bridge [PCI0] (domain 0000 [bus 00-ff])
[    0.476006] acpi PNP0A03:00: _OSC: OS supports [ASPM ClockPM Segments MSI]
[    0.504032] acpi PNP0A03:00: _OSC: not requesting OS control; OS requires [ExtendedConfig ASPM ClockPM MSI]
[    0.524012] acpi PNP0A03:00: fail to add MMCONFIG information, can't access extended PCI configuration space under this bridge.
[    0.553360] PCI host bridge to bus 0000:00
[    0.564004] pci_bus 0000:00: root bus resource [io  0x0000-0x0cf7 window]
[    0.576003] pci_bus 0000:00: root bus resource [io  0x0d00-0xffff window]
[    0.588003] pci_bus 0000:00: root bus resource [mem 0x000a0000-0x000bffff window]
[    0.604006] pci_bus 0000:00: root bus resource [mem 0x80000000-0xfdffffff window]
[    0.628007] pci_bus 0000:00: root bus resource [bus 00-ff]
[    0.658780] pci 0000:00:01.1: legacy IDE quirk: reg 0x10: [io  0x01f0-0x01f7]
[    0.664003] pci 0000:00:01.1: legacy IDE quirk: reg 0x14: [io  0x03f6]
[    0.676003] pci 0000:00:01.1: legacy IDE quirk: reg 0x18: [io  0x0170-0x0177]
[    0.692005] pci 0000:00:01.1: legacy IDE quirk: reg 0x1c: [io  0x0376]
[    0.869204] pci 0000:00:07.0: quirk: [io  0x4000-0x403f] claimed by PIIX4 ACPI
[    0.880111] pci 0000:00:07.0: quirk: [io  0x4100-0x410f] claimed by PIIX4 SMB
[    0.996048] ACPI: PCI Interrupt Link [LNKA] (IRQs 5 9 10 *11)
[    1.008126] ACPI: PCI Interrupt Link [LNKB] (IRQs 5 9 *10 11)
[    1.016441] ACPI: PCI Interrupt Link [LNKC] (IRQs 5 *9 10 11)
[    1.024415] ACPI: PCI Interrupt Link [LNKD] (IRQs 5 9 10 *11)
[    1.038273] SCSI subsystem initialized
[    1.044462] pci 0000:00:02.0: vgaarb: setting as boot VGA device
[    1.048000] pci 0000:00:02.0: vgaarb: VGA device added: decodes=io+mem,owns=io+mem,locks=none
[    1.064004] pci 0000:00:02.0: vgaarb: bridge control possible
[    1.072002] vgaarb: loaded
[    1.076167] ACPI: bus type USB registered
[    1.084074] usbcore: registered new interface driver usbfs
[    1.092019] usbcore: registered new interface driver hub
[    1.112052] usbcore: registered new device driver usb
[    1.124109] EDAC MC: Ver: 3.0.0
[    1.132813] PCI: Using ACPI for IRQ routing
[    1.144861] NetLabel: Initializing
[    1.148002] NetLabel:  domain hash size = 128
[    1.156002] NetLabel:  protocols = UNLABELED CIPSOv4 CALIPSO
[    1.168021] NetLabel:  unlabeled traffic allowed by default
[    1.184526] clocksource: Switched to clocksource kvm-clock
[    1.230733] VFS: Disk quotas dquot_6.6.0
[    1.237575] VFS: Dquot-cache hash table entries: 512 (order 0, 4096 bytes)
[    1.255445] AppArmor: AppArmor Filesystem Enabled
[    1.282834] pnp: PnP ACPI init
[    1.291823] pnp: PnP ACPI: found 3 devices
[    1.305381] clocksource: acpi_pm: mask: 0xffffff max_cycles: 0xffffff, max_idle_ns: 2085701024 ns
[    1.341366] NET: Registered protocol family 2
[    1.349243] TCP established hash table entries: 16384 (order: 5, 131072 bytes)
[    1.376028] TCP bind hash table entries: 16384 (order: 6, 262144 bytes)
[    1.401617] TCP: Hash tables configured (established 16384 bind 16384)
[    1.417326] UDP hash table entries: 1024 (order: 3, 32768 bytes)
[    1.426680] UDP-Lite hash table entries: 1024 (order: 3, 32768 bytes)
[    1.436791] NET: Registered protocol family 1
[    1.443871] pci 0000:00:00.0: Limiting direct PCI/PCI transfers
[    1.460481] pci 0000:00:01.0: Activating ISA DMA hang workarounds
[    1.505923] pci 0000:00:02.0: Video device with shadowed ROM at [mem 0x000c0000-0x000dffff]
[    1.519479] Unpacking initramfs...
[    2.212837] Freeing initrd memory: 18968K
[    2.223690] platform rtc_cmos: registered platform RTC device (no PNP device found)
[    2.238704] Scanning for low memory corruption every 60 seconds
[    2.249641] Initialise system trusted keyrings
[    2.257217] Key type blacklist registered
[    2.264352] workingset: timestamp_bits=36 max_order=19 bucket_order=0
[    2.276497] zbud: loaded
[    2.303357] squashfs: version 4.0 (2009/01/31) Phillip Lougher
[    2.323477] fuse init (API version 7.26)
[    2.342742] Key type asymmetric registered
[    2.349902] Asymmetric key parser 'x509' registered
[    2.375652] Block layer SCSI generic (bsg) driver version 0.4 loaded (major 246)
[    2.388076] io scheduler noop registered
[    2.394847] io scheduler deadline registered
[    2.412444] io scheduler cfq registered (default)
[    2.437026] ACPI: AC Adapter [AC] (on-line)
[    2.460875] input: Power Button as /devices/LNXSYSTM:00/LNXPWRBN:00/input/input0
[    2.473214] ACPI: Power Button [PWRF]
[    2.504184] input: Sleep Button as /devices/LNXSYSTM:00/LNXSLPBN:00/input/input1
[    2.515843] ACPI: Sleep Button [SLPF]
[    2.522860] Serial: 8250/16550 driver, 32 ports, IRQ sharing enabled
[    2.575999] 00:02: ttyS0 at I/O 0x3f8 (irq = 4, base_baud = 115200) is a 16550A
[    2.588871] Linux agpgart interface v0.103
[    2.597068] loop: module loaded
[    2.614158] scsi host0: ata_piix
[    2.623640] scsi host1: ata_piix
[    2.629394] ata1: PATA max UDMA/33 cmd 0x1f0 ctl 0x3f6 bmdma 0xd000 irq 14
[    2.640077] ata2: PATA max UDMA/33 cmd 0x170 ctl 0x376 bmdma 0xd008 irq 15
[    2.682093] libphy: Fixed MDIO Bus: probed
[    2.688897] tun: Universal TUN/TAP device driver, 1.6
[    2.696994] PPP generic driver version 2.4.2
[    2.704061] ehci_hcd: USB 2.0 'Enhanced' Host Controller (EHCI) Driver
[    2.714304] ehci-pci: EHCI PCI platform driver
[    2.721589] ehci-platform: EHCI generic platform driver
[    2.752682] ohci_hcd: USB 1.1 'Open' Host Controller (OHCI) Driver
[    2.783850] ohci-pci: OHCI PCI platform driver
[    2.811745] ohci-platform: OHCI generic platform driver
[    2.820251] uhci_hcd: USB Universal Host Controller Interface driver
[    2.835180] i8042: PNP: PS/2 Controller [PNP0303:PS2K,PNP0f03:PS2M] at 0x60,0x64 irq 1,12
[    2.851158] serio: i8042 KBD port at 0x60,0x64 irq 1
[    2.866996] serio: i8042 AUX port at 0x60,0x64 irq 12
[    2.875246] mousedev: PS/2 mouse device common for all mice
[    2.885329] input: AT Translated Set 2 keyboard as /devices/platform/i8042/serio0/input/input2
[    2.940329] rtc_cmos rtc_cmos: rtc core: registered rtc_cmos as rtc0
[    2.958758] rtc_cmos rtc_cmos: alarms up to one day, 114 bytes nvram
[    2.968970] i2c /dev entries driver
[    2.974961] pcie_mp2_amd: AMD(R) PCI-E MP2 Communication Driver Version: 1.0
[    2.999409] device-mapper: uevent: version 1.0.3
[    3.007367] device-mapper: ioctl: 4.37.0-ioctl (2017-09-20) initialised: dm-devel@redhat.com
[    3.032169] ledtrig-cpu: registered to indicate activity on CPUs
[    3.044723] NET: Registered protocol family 10
[    3.060182] Segment Routing with IPv6
[    3.066265] NET: Registered protocol family 17
[    3.073898] Key type dns_resolver registered
[    3.083922] RAS: Correctable Errors collector initialized.
[    3.093115] sched_clock: Marking stable (3092987714, 0)->(6212176402, -3119188688)
[    3.113823] registered taskstats version 1
[    3.123667] Loading compiled-in X.509 certificates
[    3.135108] Loaded X.509 cert 'Build time autogenerated kernel key: f3a9ae7fdf18cf897e7c53db8499a9c1252f0be9'
[    3.150930] zswap: loaded using pool lzo/zbud
[    3.181641] Key type big_key registered
[    3.188394] Key type trusted registered
[    3.197888] Key type encrypted registered
[    3.204805] AppArmor: AppArmor sha1 policy hashing enabled
[    3.215018] ima: No TPM chip found, activating TPM-bypass! (rc=-19)
[    3.225254] ima: Allocated hash algorithm: sha1
[    3.267040] evm: HMAC attrs: 0x1
[    3.274596]   Magic number: 10:567:843
[    3.284636] rtc_cmos rtc_cmos: setting system clock to 2018-11-14 16:49:26 UTC (1542214166)
[    3.311533] BIOS EDD facility v0.16 2004-Jun-25, 0 devices found
[    3.321399] EDD information not available.
[    3.333798] Freeing unused kernel memory: 2408K
[    3.359898] Write protecting the kernel read-only data: 20480k
[    3.372038] Freeing unused kernel memory: 2008K
[    3.663951] Freeing unused kernel memory: 1896K
[    3.839177] x86/mm: Checked W+X mappings: passed, no W+X pages found.
[    3.849231] x86/mm: Checking user space page tables
[    4.002967] x86/mm: Checked W+X mappings: passed, no W+X pages found.
Loading, please wait...
starting version 237
[    4.105174] e1000: Intel(R) PRO/1000 Network Driver - version 7.3.21-k8-NAPI
[    4.116487] e1000: Copyright (c) 1999-2006 Intel Corporation.
[    4.144483] Fusion MPT base driver 3.04.20
[    4.156371] Copyright (c) 1999-2008 LSI Corporation
[    4.174631] AVX2 version of gcm_enc/dec engaged.
[    4.182821] AES CTR mode by8 optimization enabled
[    4.200458] Fusion MPT SPI Host driver 3.04.20
[    4.373557] input: ImExPS/2 Generic Explorer Mouse as /devices/platform/i8042/serio1/input/input4
[    5.123926] e1000 0000:00:03.0 eth0: (PCI:33MHz:32-bit) 02:85:b4:6d:51:fa
[    5.134709] e1000 0000:00:03.0 eth0: Intel(R) PRO/1000 Network Connection
[    5.147816] mptbase: ioc0: Initiating bringup
[    6.143174] ioc0: LSI53C1030 A0: Capabilities={Initiator}
[    7.330442] scsi host2: ioc0: LSI53C1030 A0, FwRev=00000000h, Ports=1, MaxQ=256, IRQ=20
[    8.704762] scsi 2:0:0:0: Direct-Access     VBOX     HARDDISK         1.0  PQ: 0 ANSI: 5
[    8.844277] scsi target2:0:0: Beginning Domain Validation
[    8.859660] scsi target2:0:0: Domain Validation skipping write tests
[    8.869757] scsi target2:0:0: Ending Domain Validation
[    8.878871] scsi target2:0:0: asynchronous
[    8.892690] random: fast init done
[    8.907192] scsi 2:0:1:0: Direct-Access     VBOX     HARDDISK         1.0  PQ: 0 ANSI: 5
[    9.280309] scsi target2:0:1: Beginning Domain Validation
[    9.322311] scsi target2:0:1: Domain Validation skipping write tests
[    9.342758] scsi target2:0:1: Ending Domain Validation
[    9.355110] scsi target2:0:1: asynchronous
[    9.388739] sd 2:0:0:0: Attached scsi generic sg0 type 0
[    9.397308] random: systemd-udevd: uninitialized urandom read (16 bytes read)
[    9.397471] random: systemd-udevd: uninitialized urandom read (16 bytes read)
[    9.397473] random: systemd-udevd: uninitialized urandom read (16 bytes read)
[    9.397798] sd 2:0:0:0: [sda] 20971520 512-byte logical blocks: (10.7 GB/10.0 GiB)
[    9.397979] sd 2:0:0:0: [sda] Write Protect is off
[    9.398344] sd 2:0:0:0: [sda] Incomplete mode parameter data
[    9.398345] sd 2:0:0:0: [sda] Assuming drive cache: write through
[    9.487307] sd 2:0:1:0: Attached scsi generic sg1 type 0
[    9.497716] sd 2:0:1:0: [sdb] 20480 512-byte logical blocks: (10.5 MB/10.0 MiB)
[    9.509647] sd 2:0:1:0: [sdb] Write Protect is off
[    9.518312] sd 2:0:1:0: [sdb] Incomplete mode parameter data
[    9.521836]  sda: sda1
[    9.531993] sd 2:0:1:0: [sdb] Assuming drive cache: write through
[    9.549602] sd 2:0:0:0: [sda] Attached SCSI disk
[    9.559512] sd 2:0:1:0: [sdb] Attached SCSI disk
[    9.684230] e1000 0000:00:08.0 eth1: (PCI:33MHz:32-bit) 08:00:27:dc:0f:21
[    9.695377] e1000 0000:00:08.0 eth1: Intel(R) PRO/1000 Network Connection
[    9.710660] e1000 0000:00:03.0 enp0s3: renamed from eth0
[    9.728695] e1000 0000:00:08.0 enp0s8: renamed from eth1
Begin: Loading essential drivers ... [   13.392122] raid6: sse2x1   gen() 12582 MB/s
[   13.444120] raid6: sse2x1   xor()  9003 MB/s
[   13.506168] raid6: sse2x2   gen() 16215 MB/s
[   13.572275] raid6: sse2x2   xor() 10533 MB/s
[   13.632263] raid6: sse2x4   gen() 18075 MB/s
[   13.688192] raid6: sse2x4   xor() 11545 MB/s
[   13.740298] raid6: avx2x1   gen() 25864 MB/s
[   13.792313] raid6: avx2x1   xor() 17499 MB/s
[   13.844173] raid6: avx2x2   gen() 30799 MB/s
[   13.904452] raid6: avx2x2   xor() 19951 MB/s
[   13.956201] raid6: avx2x4   gen() 35003 MB/s
[   14.008237] raid6: avx2x4   xor() 21680 MB/s
[   14.015391] raid6: using algorithm avx2x4 gen() 35003 MB/s
[   14.024391] raid6: .... xor() 21680 MB/s, rmw enabled
[   14.032937] raid6: using avx2x2 recovery algorithm
[   14.043186] xor: automatically using best checksumming function   avx       
[   14.056469] async_tx: api initialized (async)
done.
Begin: Running /scripts/init-premount ... done.
Begin: Mounting root file system ... Begin: Running /scripts/local-top ... done.
Begin: Running /scripts/local-premount ... [   14.123129] Btrfs loaded, crc32c=crc32c-intel
Scanning for Btrfs filesystems
done.
Warning: fsck not present, so skipping root file system
[   14.181734] EXT4-fs (sda1): mounted filesystem with ordered data mode. Opts: (null)
done.
Begin: Running /scripts/local-bottom ... done.
Begin: Running /scripts/init-bottom ... done.
[   14.406243] ip_tables: (C) 2000-2006 Netfilter Core Team
[   14.426122] systemd[1]: systemd 237 running in system mode. (+PAM +AUDIT +SELINUX +IMA +APPARMOR +SMACK +SYSVINIT +UTMP +LIBCRYPTSETUP +GCRYPT +GNUTLS +ACL +XZ +LZ4 +SECCOMP +BLKID +ELFUTILS +KMOD -IDN2 +IDN -PCRE2 default-hierarchy=hybrid)
[   14.459293] systemd[1]: Detected virtualization oracle.
[   14.468133] systemd[1]: Detected architecture x86-64.

Welcome to [1mUbuntu 18.04.1 LTS[0m!

[   14.507799] systemd[1]: Set hostname to <ubuntu>.
[   14.544191] systemd[1]: Initializing machine ID from random generator.
[   14.554599] systemd[1]: Installed transient /etc/machine-id file.
[   14.844083] systemd[1]: Created slice System Slice.
[[0;32m  OK  [0m] Created slice System Slice.
[   14.861383] systemd[1]: Listening on Journal Socket.
[[0;32m  OK  [0m] Listening on Journal Socket.
[   14.879356] systemd[1]: Starting Set the console keyboard layout...
         Starting Set the console keyboard layout...
[   14.898490] systemd[1]: Starting Uncomplicated firewall...
         Starting Uncomplicated firewall...
         Starting Create list of required st…ce nodes for the current kernel...
[[0;32m  OK  [0m] Listening on Network Service Netlink Socket.
[[0;32m  OK  [0m] Reached target Swap.
[[0;32m  OK  [0m] Created slice system-serial\x2dgetty.slice.
[[0;32m  OK  [0m] Listening on Journal Audit Socket.
         Mounting Kernel Debug File System...
         Mounting Huge Pages File System...
[[0;32m  OK  [0m] Listening on udev Control Socket.
[[0;32m  OK  [0m] Listening on Journal Socket (/dev/log).
         Mounting POSIX Message Queue File System...
[[0;32m  OK  [0m] Listening on /dev/initctl Compatibility Named Pipe.
[[0;32m  OK  [0m] Created slice User and Session Slice.
[[0;32m  OK  [0m] Reached target Slices.
[[0;32m  OK  [0m] Listening on LVM2 poll daemon socket.
[[0;32m  OK  [0m] Listening on Syslog Socket.
         Starting Journal Service...
[[0;32m  OK  [0m] Listening on udev Kernel Socket.
         Starting udev Coldplug all Devices...
[[0;32m  OK  [0m] Reached target User and Group Name Lookups.
[[0;32m  OK  [0m] Listening on Device-mapper event daemon FIFOs.
[[0;32m  OK  [0m] Listening on LVM2 metadata daemon socket.
         Starting Monitoring of LVM2 mirrors…ng dmeventd or progress polling...
         Starting Load Kernel Modules...
[[0;32m  OK  [0m] Reached target System Time Synchronized.
[[   15.286696] Loading iSCSI transport class v2.0-870.
[0;32m  OK  [0m] Started Forward Password Requests to Wall Directory Watch.
[[0;32m  OK  [0m] Set up automount Arbitrary Executab…rmats File System Automount Point.[   15.328364] iscsi: registered transport (tcp)

         Starting Remount Root and Kernel File Systems...
[[0;32m  OK  [0m] Started Journal Service.
[[0;32m  OK  [0m] Started Set the console keyboard layout.
[[0;32m  OK  [0m] Started Uncomplicated firewall.
[   15.380377] iscsi: registered transport (iser)
[[   15.388468] EXT4-fs (sda1): re-mounted. Opts: (null)
[0;32m  OK  [0m] Started Create list of required sta…vice nodes for the current kernel.
[[0;32m  OK  [0m] Mounted Kernel Debug File System.
[[0;32m  OK  [0m] Mounted Huge Pages File System.
[[0;32m  OK  [0m] Mounted POSIX Message Queue File System.
[[0;32m  OK  [0m] Started Load Kernel Modules.
[[0;32m  OK  [0m] Started Remount Root and Kernel File Systems.
[[0;32m  OK  [0m] Started udev Coldplug all Devices.
[[0;32m  OK  [0m] Started LVM2 metadata daemon.
         Starting Initial cloud-init job [   15.514868] random: crng init done
(pre-networking)...
[   15.521734] random: 7 urandom warning(s) missed due to ratelimiting
         Starting Load/Save Random Seed...
         Mounting Kernel Configuration File System...
         Starting Apply Kernel Variables...
         Mounting FUSE Control File System...
         Starting Create Static Device Nodes in /dev...
         Starting Flush Journal to Persistent Storage...
[[0;32m  OK  [0m] Started Monitoring of LVM2 mirrors,…sing dmeventd or progress polling.
[[0;32m  OK  [0m] Started Load/Save Random Seed.
[[0;32m  OK  [0m] Mounted Kernel Configuration File System.
[[0;32m  OK  [0m] Mounted FUSE Control File System.
[[0;32m  OK  [0m] Started Create Static Device Nodes in /dev.
[[0;32m  OK  [0m] Started Apply Kernel Variables.
         Starting udev Kernel Device Manager...
[[0;32m  OK  [0m] Reached target Local File Systems (Pre).
[[0;32m  OK  [0m] Reached target Local File Systems.
         Starting Set console font and keymap...
         Starting Commit a transient machine-id on disk...
         Starting Tell Plymouth To Write Out Runtime Data...
         Starting ebtables ruleset management...
         Starting AppArmor initialization...
[[0;32m  OK  [0m] Started Set console font and keymap.
[[0;32m  OK  [0m] Started Flush Journal to Persistent Storage.
         Starting Create Volatile Files and Directories...
[[0;32m  OK  [0m] Started Tell Plymouth To Write Out Runtime Data.
[[0;32m  OK  [0m] Started udev Kernel Device Manager.
[[0;32m  OK  [0m] Started Dispatch Password Requests to Console Directory Watch.
[[0;32m  OK  [0m] Reached target Local Encrypted Volumes.
[[0;32m  OK  [0m] Started Create Volatile Files and Directories.
         Starting Update UTMP about System Boot/Shutdown...
[[0;32m  OK  [0m] Started Commit a transient machine-id on disk.
[[0;32m  OK  [0m] Started Update UTMP about System Boot/Shutdown.
[[0;32m  OK  [0m] Found device /dev/ttyS0.
[[0;32m  OK  [0m] Started ebtables ruleset management.
[[0;32m  OK  [0m] Listening on Load/Save RF Kill Switch Status /dev/rfkill Watch.
[[0;32m  OK  [0m] Started AppArmor initialization.
[   18.132457] cloud-init[401]: Cloud-init v. 18.4-0ubuntu1~18.04.1 running 'init-local' at Wed, 14 Nov 2018 16:49:40 +0000. Up 17.72 seconds.
[[0;32m  OK  [0m] Started Initial cloud-init job (pre-networking).
[[0;32m  OK  [0m] Reached target Network (Pre).
         Starting Network Service...
[[0;32m  OK  [0m] Started Network Service.
         Starting Network Name Resolution...
         Starting Wait for Network to be Configured...
[[0;32m  OK  [0m] Started Network Name Resolution.
[[0;32m  OK  [0m] Reached target Host and Network Name Lookups.
[[0;32m  OK  [0m] Reached target Network.
[[0;32m  OK  [0m] Started Wait for Network to be Configured.
         Starting Initial cloud-init job (metadata service crawler)...
[   20.576717] cloud-init[634]: Cloud-init v. 18.4-0ubuntu1~18.04.1 running 'init' at Wed, 14 Nov 2018 16:49:42 +0000. Up 19.67 seconds.
[   20.596025] cloud-init[634]: ci-info: ++++++++++++++++++++++++++++++++++++++Net device info+++++++++++++++++++++++++++++++++++++++
[   20.614063] [[0;32m  OK  [0m] Started Initial cloud-init job (metadata service crawler).
[[0;32m  OK  [0m] Reached target Cloud-config availability.
[[0;32m  OK  [0m] Reached target System Initialization.
         Starting Socket activation for snappy daemon.
[[0;32m  OK  [0m] Listening on UUID daemon activation socket.
[[0;32m  OK  [0m] Listening on ACPID Listen Socket.
[[0;32m  OK  [0m] Started ACPI Events Check.
[[0;32m  OK  [0m] Started Daily apt download activities.
[[0;32m  OK  [0m] Reached target Paths.
cloud-init[634]: ci-info: +--------+-------+----------------------------+---------------+--------+-------------------+
[   20.697646]          Starting LXD - unix socket.
[[0;32m  OK  [0m] Started Discard unused blocks once a week.
[[0;32m  OK  [0m] Listening on D-Bus System Message Bus Socket.
[[0;32m  OK  [0m] Listening on Open-iSCSI iscsid Socket.
[[0;32m  OK  [0m] Started Daily Cleanup of Temporary Directories.
[[0;32m  OK  [0m] Started Daily apt upgrade and clean activities.
[[0;32m  OK  [0m] Started Message of the Day.
[[0;32m  OK  [0m] Reached target Timers.
[[0;32m  OK  [0m] Reached target Network is Online.
cloud-init[634]: ci-info: | Device |   Up  |          Address           |      Mask     | Scope  |     Hw-Address    |
[   20.779527] [[0;32m  OK  [0m] Reached target Remote File Systems (Pre).
[[0;32m  OK  [0m] Reached target Remote File Systems.
         Starting Availability of block devices...
cloud-init[634]: ci-info: +--------+-------+----------------------------+---------------+--------+-------------------+
[[0;32m  OK  [0m] Listening on Socket activation for snappy daemon.
[[0;32m  OK  [0m] Listening on LXD - unix socket.
[   20.788342] cloud-init[634]: ci-info: | enp0s3 |  True |         10.0.2.15          | 255.255.255.0 | global | 02:85:b4:6d:51:fa |
[   20.842153] [[0;32m  OK  [0m] Started Availability of block devices.
[[0;32m  OK  [0m] Reached target Sockets.
[[0;32m  OK  [0m] Reached target Basic System.
cloud-init[634]: ci-info: | enp0s3 |  True | fe80::85:b4ff:fe6d:51fa/64 |       .       |  link  | 02:85:b4:6d:51:fa |
[[0;32m  OK  [0m] Started Regular background program processing daemon.
[   20.888123] cloud-init[634]: ci-info: | enp0s8 | False |             .              |       .       |   .    | 08:00:27:dc:0f:21 |
         Starting LSB: Record successful boot for GRUB...
[   20.954698] cloud-init[634]:          Starting System Logging Service...
ci-info: |   lo   |  True |         127.0.0.1          |   255.0.0.0   |  host  |         .         |
[   20.994387] cloud-init[634]: ci-info: |   lo   |  True |          ::1/128           |       .       |  host  |         .         |
         Starting Pollinate to seed the pseudo random number generator...
[[   20.998575] cloud-init[634]: ci-info: +--------+-------+----------------------------+---------------+--------+-------------------+
[   21.022073] cloud-init[634]: ci-info: ++++++++++++++++++++++++++++Route IPv4 info+++++++++++++++++++++++++++++
[   21.023665] cloud-init[634]: ci-info: +-------+-------------+----------+-----------------+-----------+-------+
[   21.026661] cloud-init[634]: ci-info: | Route | Destination | Gateway  |     Genmask     | Interface | Flags |
[   21.028189] cloud-init[634]: ci-info: +-------+-------------+----------+-----------------+-----------+-------+
[   21.031187] cloud-init[634]: ci-info: |   0   |   0.0.0.0   | 10.0.2.2 |     0.0.0.0     |   enp0s3  |   UG  |
[   21.034173] cloud-init[634]: ci-info: |   1   |   10.0.2.0  | 0.0.0.0  |  255.255.255.0  |   enp0s3  |   U   |
[   21.035652] cloud-init[634]: ci-info: |   2   |   10.0.2.2  | 0.0.0.0  | 255.255.255.255 |   enp0s3  |   UH  |
[0;32m  OK  [0m] Started Unattended Upgrades Shutdown.
[   21.038662] cloud-init[634]: ci-info: +-------+-------------+----------+-----------------+-----------+-------+
[   21.152479] cloud-init[634]: ci-info: +++++++++++++++++++Route IPv6 info+++++++++++++++++++
[[0;32m  OK  [0m] Started D-Bus System Message Bus.
[   21.190409] cloud-init[634]: ci-info: +-------+-------------+---------+-----------+-------+
         Starting LSB: automatic crash report generation...
[   21.252541] cloud-init[634]: ci-info: | Route | Destination | Gateway | Interface | Flags |
[   21.266670] cloud-init[634]: ci-info: +-------+-------------+---------+-----------+-------+
[   21.279759] cloud-init[634]: ci-info: |   1   |  fe80::/64  |    ::   |   enp0s3  |   U   |
[[0;32m  OK  [0m] Started irqbalance daemon.
[   21.318682] [[0;32m  OK  [0m] Started Deferred execution scheduler.
         Starting Virtualbox guest utils...
         Starting Accounts Service...
cloud-init[634]: ci-info: |   3   |    local    |    ::   |   enp0s3  |   U   |
         Starting Login Service...
         Starting Permit User Sessions...
[[0;32m  OK  [0m] Started FUSE filesystem for LXC.
[   21.367587] cloud-init[634]: ci-info: |   4   |   ff00::/8  |    ::   |   enp0s3  |   U   |
[   21.395295] cloud-init[634]: ci-info: +-------+-------------+---------+-----------+-------+
[   21.416356] cloud-init[634]: Generating public/private rsa key pair.
         Starting Dispatcher daemon for systemd-networkd...
[   21.432930]          Starting LXD - container startup/shutdown...
cloud-init[634]: Your identification has been saved in /etc/ssh/ssh_host_rsa_key.
[   21.479084] cloud-init[634]: Your public key has been saved in /etc/ssh/ssh_host_rsa_key.pub.
[   21.488770] cloud-init[634]: The key fingerprint is:
[   21.494478] cloud-init[634]: SHA256:YXeBeAOCcSB6akgKnSvGqwr9jSEJS8vAY/yeiHOFfZY root@ubuntu-bionic
[   21.504495] cloud-init[634]: The key's randomart image is:
[   21.514635] cloud-init[634]: +---[RSA 2048]----+         Starting Snappy daemon...

[[0;32m  OK  [0m] Started System Logging Service.
[   21.534340] [[0;32m  OK  [0m] Started Permit User Sessions.
cloud-init[634]: |  . o+o .o ..    |
[[0;32m  OK  [0m] Started Login Service.
[   21.556461] cloud-init[634]: | o o.. .. +  .   |
[   21.592961] cloud-init[634]: |o.+     o....    |
[   21.611796] cloud-init[634]: |Oo .   . o .     |
[   21.619229] cloud-init[634]: |BX.o   .S        |
[   21.626000] cloud-init[634]: |B=*.o E          |
[   21.636974] cloud-init[634]: |o++o.o           |
[   21.658020] cloud-init[634]: |= +o.+           |
[   21.686758] cloud-init[634]: |=+ oo .          |
[   21.697054] cloud-init[634]: +----[SHA256]-----+
[   21.704525] cloud-init[634]: Generating public/private dsa key pair.
[   21.711646] cloud-init[634]: Your identification has been saved in /etc/ssh/ssh_host_dsa_key.
[   21.723058] cloud-init[634]: Your public key has been saved in /etc/ssh/ssh_host_dsa_key.pub.
[   21.732829] cloud-init[634]: The key fingerprint is:
[   21.738468] cloud-init[634]: SHA256:sQPeSuoccKkJD2p+JHo+VHTmUYkdEv4tpUssUSZ25kU root@ubuntu-bionic
[   21.748464] cloud-init[634]: The key's randomart image is:
[   21.754761] cloud-init[634]: +---[DSA 1024]----+
[   21.761679] cloud-init[634]: |      ==B+E      |
[   21.767011] cloud-init[634]: |    .o=Oo.       |
[   21.772392] cloud-init[634]: |   . ++.o .      |
[   21.781253] cloud-init[634]: |    .o.* *       |
[   21.786589] cloud-init[634]: |o ..o + S .      |
         Starting Authorization Manager...
[   21.817935]          Starting Hold until boot process finishes up...
         Starting Terminate Plymouth Boot Screen...
[[0;32m  OK  [0m] Started Hold until boot process finishes up.
         Starting Set console scheme...
[[0;32m  OK  [0m] Started Serial Getty on ttyS0.
cloud-init[634]: |.=.* o + +       |
[[0;32m  OK  [0m] Started Terminate Plymouth Boot Screen.
[   21.869160] cloud-init[634]: |oo* o . .        |
[   21.889298] cloud-init[634]: |+ o+ .           |
[   21.912645] cloud-init[634]: | +o.o            |
[[0;32m  OK  [0m] Started Set console scheme.
[[0;32m  OK  [0m] Created slice system-getty.slice.
[[0;32m  OK  [0m] Started Getty on tty1.
[[0;32m  OK  [0m] Reached target Login Prompts.
[   21.986168] cloud-init[[0;32m  OK  [0m] Started LSB: automatic crash report generation.
[634]: +----[SHA256]-----+
[   22.008162] [[0;32m  OK  [0m] Started Pollinate to seed the pseudo random number generator.
cloud-init[634]: Generating public/private ecdsa key pair.
[   22.084912] cloud-init         Starting OpenBSD Secure Shell server...
[[0;32m  OK  [0m] Started Authorization Manager.
[[0;32m  OK  [0m] Started Accounts Service.
[634]: Your identification has been saved in /etc/ssh/ssh_host_ecdsa_key.
[   22.114867] cloud-init[634]: Your public key has been saved in /etc/ssh/ssh_host_ecdsa_key.pub.
[   22.124967] cloud-init[634]: The key fingerprint is:
[   22.131345] cloud-init[[0;32m  OK  [0m] Started LSB: Record successful boot for GRUB.
[634]: SHA256:bmszXkGQFQ/2Nt6BjooUexB97vZ7mf9Gp52HvnqeEds root@ubuntu-bionic
[[0;32m  OK  [0m] Started Virtualbox guest utils.
[   22.179670] cloud-init[634]: The key's randomart image is:
[   22.199836] cloud-init[634]: +---[ECDSA 256]---+
[[0;32m  OK  [0m] Started LXD - container startup/shutdown.
[[0;32m  OK  [0m] Started OpenBSD Secure Shell server.
[   22.251951] cloud-init[634]: |      ...o=.     |
[   22.286316] cloud-init[634]: |       .oo.+ .   |
[[0;32m  OK  [0m] Started Dispatcher daemon for systemd-networkd.
[[0;32m  OK  [0m] Started Snappy daemon.
[   22.316227]          Starting Wait until snapd is fully seeded...
cloud-init[634]: |      o  o. * .  |
[   22.346643] cloud-init[634]: |       + ..= o . |
[   22.361153] cloud-init[634]: |      o S.o o o  |
[   22.369364] cloud-init[634]: |     . + .o.   +o|
[   22.374601] cloud-init[634]: |      . +...  oBE|
[   22.379948] cloud-init[634]: |       .+o  . B++|
[   22.385321] cloud-init[634]: |       ooo  oB=+=|
[   22.394442] cloud-init[634]: +----[SHA256]-----+
[   22.399860] cloud-init[634]: Generating public/private ed25519 key pair.
[   22.410088] cloud-init[634]: Your identification has been saved in /etc/ssh/ssh_host_ed25519_key.
[   22.427528] cloud-init[634]: Your public key has been saved in /etc/ssh/ssh_host_ed25519_key.pub.
[   22.438699] cloud-init[634]: The key fingerprint is:
[   22.445991] cloud-init[634]: SHA256:NE/vZ72fjzE7i6oT3DD+c9ze5RS+lLsvEOz2ays00bU root@ubuntu-bionic
[   22.466949] cloud-init[634]: The key's randomart image is:
[   22.484974] cloud-init[634]: +--[ED25519 256]--+
[   22.491115] cloud-init[634]: |                 |
[   22.497655] cloud-init[634]: |                .|
[   22.504288] cloud-init[634]: |        o .. . ..|
[   22.510882] cloud-init[634]: |       .o+ .+ .E |
[   22.516387] cloud-init[634]: |       oS+...o . |
[   22.521859] cloud-init[634]: |        + ..* ..o|
[   22.536281] cloud-init[634]: |         o +.==++|
[   22.552275] cloud-init[634]: |        . o ++BO*|
[   22.558095] cloud-init[634]: |        .o.+.+B%@|
[   22.566434] cloud-init[634]: +----[SHA256]-----+
[[0;32m  OK  [0m] Started Wait until snapd is fully seeded.
         Starting Apply the settings specified in cloud-config...
[[0;32m  OK  [0m] Reached target Multi-User System.
[[0;32m  OK  [0m] Reached target Graphical Interface.
         Starting Update UTMP about System Runlevel Changes...
[[0;32m  OK  [0m] Created slice User Slice of vagrant.
[[0;32m  OK  [0m] Started Session 1 of user vagrant.
         Starting User Manager for UID 1000...
[[0;32m  OK  [0m] Started Update UTMP about System Runlevel Changes.
[[0;32m  OK  [0m] Started User Manager for UID 1000.
[   25.904848] cloud-init[1208]: Cloud-init v. 18.4-0ubuntu1~18.04.1 running 'modules:config' at Wed, 14 Nov 2018 16:49:48 +0000. Up 25.34 seconds.
[[0;32m  OK  [0m] Started Apply the settings specified in cloud-config.
         Starting Execute cloud user/final scripts...
ci-info: no authorized ssh keys fingerprints found for user ubuntu.
<14>Nov 14 16:49:49 ec2: 
<14>Nov 14 16:49:49 ec2: #############################################################
<14>Nov 14 16:49:49 ec2: -----BEGIN SSH HOST KEY FINGERPRINTS-----
<14>Nov 14 16:49:49 ec2: 1024 SHA256:sQPeSuoccKkJD2p+JHo+VHTmUYkdEv4tpUssUSZ25kU root@ubuntu-bionic (DSA)
<14>Nov 14 16:49:49 ec2: 256 SHA256:bmszXkGQFQ/2Nt6BjooUexB97vZ7mf9Gp52HvnqeEds root@ubuntu-bionic (ECDSA)
<14>Nov 14 16:49:49 ec2: 256 SHA256:NE/vZ72fjzE7i6oT3DD+c9ze5RS+lLsvEOz2ays00bU root@ubuntu-bionic (ED25519)
<14>Nov 14 16:49:49 ec2: 2048 SHA256:YXeBeAOCcSB6akgKnSvGqwr9jSEJS8vAY/yeiHOFfZY root@ubuntu-bionic (RSA)
<14>Nov 14 16:49:49 ec2: -----END SSH HOST KEY FINGERPRINTS-----
<14>Nov 14 16:49:49 ec2: #############################################################
-----BEGIN SSH HOST KEY KEYS-----
ecdsa-sha2-nistp256 AAAAE2VjZHNhLXNoYTItbmlzdHAyNTYAAAAIbmlzdHAyNTYAAABBBAsrtaa8sZea9h259KRzibnA18FaoH6ah9vAN4V1YPdzDI6QaCKzD8xxpM3Z0QelLLSw4YIdcDSZ7LnEe3wWlYY= root@ubuntu-bionic
ssh-ed25519 AAAAC3NzaC1lZDI1NTE5AAAAIPgP361YNGA5SmmiGe3rE90N4qVj5jbNd1qLmheRvVTq root@ubuntu-bionic
ssh-rsa AAAAB3NzaC1yc2EAAAADAQABAAABAQDXH4OVxK2GbpK5n9Yu7eA6SWY5/CejeNOEA8etidt8qa/+K6IFl79yt6Lfg3gO0TOwtjIDGUF8YiCmUjMExEtt6O6WL2vNdC4vxXau1kHQh/Rs+60xz2fpsrT1x5j2DQdBWIXNH0IjDoMZbDSOP3DY3E4pUXknOMxbI9jiTX0007HPKqc/06Vnzw2I2wWzpOrhuABPN2bOCIHSpcXcd7VZyoY7SQY+6WtlqFPJ/F3k5vlxDtiNwk0c2KCWFn3u/wVP9Z8xGG/5h1bZMB4yCzQqDnwVqi/U5x/0HLd85p1ETxc/Sh7t0UNi7GjMuokyjcdF75Ryv0dx58Lr5UpF6lPp root@ubuntu-bionic
-----END SSH HOST KEY KEYS-----
[   26.735084] cloud-init[1330]: Cloud-init v. 18.4-0ubuntu1~18.04.1 running 'modules:final' at Wed, 14 Nov 2018 16:49:49 +0000. Up 26.31 seconds.
[   26.788868] cloud-init[1330]: ci-info: no authorized ssh keys fingerprints found for user ubuntu.
[[0;32m  OK  [0m[   26.816690] cloud-init[1330]: Cloud-init v. 18.4-0ubuntu1~18.04.1 finished at Wed, 14 Nov 2018 16:49:49 +0000. Datasource DataSourceNoCloud [seed=/dev/sdb][dsmode=net].  Up 26.72 seconds] Started Execute cloud user/final scripts.
[[0;32m  OK  [0m] Reached target Cloud-init target.


Ubuntu 18.04.1 LTS ubuntu-bionic ttyS0

ubuntu-bionic login: 